Using pre-set license
Built from '2021.3/staging' branch; Version is '2021.3.23f1 (213b516bf396) revision 2177873'; Using compiler version '192829333'; Build Type 'Release'
OS: 'Windows 10  (10.0.19045) 64bit Education' Language: 'ko' Physical Memory: 32649 MB
BatchMode: 1, IsHumanControllingUs: 0, StartBugReporterOnCrash: 0, Is64bit: 1, IsPro: 1

COMMAND LINE ARGUMENTS:
C:\Program Files\Unity\Hub\Editor\Unity 2021.3.23f1\Editor\Unity.exe
-adb2
-batchMode
-noUpm
-name
AssetImportWorker1
-projectPath
C:/Users/Lorkhan/Documents/GitHub/MathAndCafe/program
-logFile
Logs/AssetImportWorker1.log
-srvPort
1825
Successfully changed project path to: C:/Users/Lorkhan/Documents/GitHub/MathAndCafe/program
C:/Users/Lorkhan/Documents/GitHub/MathAndCafe/program
[UnityMemory] Configuration Parameters - Can be set up in boot.config
    "memorysetup-bucket-allocator-granularity=16"
    "memorysetup-bucket-allocator-bucket-count=8"
    "memorysetup-bucket-allocator-block-size=33554432"
    "memorysetup-bucket-allocator-block-count=8"
    "memorysetup-main-allocator-block-size=16777216"
    "memorysetup-thread-allocator-block-size=16777216"
    "memorysetup-gfx-main-allocator-block-size=16777216"
    "memorysetup-gfx-thread-allocator-block-size=16777216"
    "memorysetup-cache-allocator-block-size=4194304"
    "memorysetup-typetree-allocator-block-size=2097152"
    "memorysetup-profiler-bucket-allocator-granularity=16"
    "memorysetup-profiler-bucket-allocator-bucket-count=8"
    "memorysetup-profiler-bucket-allocator-block-size=33554432"
    "memorysetup-profiler-bucket-allocator-block-count=8"
    "memorysetup-profiler-allocator-block-size=16777216"
    "memorysetup-profiler-editor-allocator-block-size=1048576"
    "memorysetup-temp-allocator-size-main=16777216"
    "memorysetup-job-temp-allocator-block-size=2097152"
    "memorysetup-job-temp-allocator-block-size-background=1048576"
    "memorysetup-job-temp-allocator-reduction-small-platforms=262144"
    "memorysetup-temp-allocator-size-background-worker=32768"
    "memorysetup-temp-allocator-size-job-worker=262144"
    "memorysetup-temp-allocator-size-preload-manager=33554432"
    "memorysetup-temp-allocator-size-nav-mesh-worker=65536"
    "memorysetup-temp-allocator-size-audio-worker=65536"
    "memorysetup-temp-allocator-size-cloud-worker=32768"
    "memorysetup-temp-allocator-size-gi-baking-worker=262144"
    "memorysetup-temp-allocator-size-gfx=262144"
Player connection [19208] Host "[IP] 211.48.37.117 [Port] 0 [Flags] 2 [Guid] 1441766257 [EditorId] 1441766257 [Version] 1048832 [Id] WindowsEditor(7,DESKTOP-3FCE1I8) [Debug] 1 [PackageName] WindowsEditor [ProjectName] Editor" joined multi-casting on [225.0.0.222:54997]...

Player connection [19208] Host "[IP] 211.48.37.117 [Port] 0 [Flags] 2 [Guid] 1441766257 [EditorId] 1441766257 [Version] 1048832 [Id] WindowsEditor(7,DESKTOP-3FCE1I8) [Debug] 1 [PackageName] WindowsEditor [ProjectName] Editor" joined alternative multi-casting on [225.0.0.222:34997]...

Refreshing native plugins compatible for Editor in 82.26 ms, found 4 plugins.
Preloading 0 native plugins for Editor in 0.00 ms.
Initialize engine version: 2021.3.23f1 (213b516bf396)
[Subsystems] Discovering subsystems at path C:/Program Files/Unity/Hub/Editor/Unity 2021.3.23f1/Editor/Data/Resources/UnitySubsystems
[Subsystems] Discovering subsystems at path C:/Users/Lorkhan/Documents/GitHub/MathAndCafe/program/Assets
GfxDevice: creating device client; threaded=0; jobified=0
Direct3D:
    Version:  Direct3D 11.0 [level 11.1]
    Renderer: NVIDIA GeForce RTX 4090 (ID=0x2684)
    Vendor:   NVIDIA
    VRAM:     24156 MB
    Driver:   31.0.15.3598
Initialize mono
Mono path[0] = 'C:/Program Files/Unity/Hub/Editor/Unity 2021.3.23f1/Editor/Data/Managed'
Mono path[1] = 'C:/Program Files/Unity/Hub/Editor/Unity 2021.3.23f1/Editor/Data/MonoBleedingEdge/lib/mono/unityjit-win32'
Mono config path = 'C:/Program Files/Unity/Hub/Editor/Unity 2021.3.23f1/Editor/Data/MonoBleedingEdge/etc'
Using monoOptions --debugger-agent=transport=dt_socket,embedding=1,server=y,suspend=n,address=127.0.0.1:56960
Begin MonoManager ReloadAssembly
Registering precompiled unity dll's ...
Register platform support module: C:/Program Files/Unity/Hub/Editor/Unity 2021.3.23f1/Editor/Data/PlaybackEngines/AndroidPlayer/UnityEditor.Android.Extensions.dll
Register platform support module: C:/Program Files/Unity/Hub/Editor/Unity 2021.3.23f1/Editor/Data/PlaybackEngines/iOSSupport/UnityEditor.iOS.Extensions.dll
Register platform support module: C:/Program Files/Unity/Hub/Editor/Unity 2021.3.23f1/Editor/Data/PlaybackEngines/WindowsStandaloneSupport/UnityEditor.WindowsStandalone.Extensions.dll
Registered in 0.299166 seconds.
Native extension for WindowsStandalone target not found
[usbmuxd] Start listen thread
[usbmuxd] Listen thread started
Native extension for iOS target not found
Native extension for Android target not found
Refreshing native plugins compatible for Editor in 75.96 ms, found 4 plugins.
Preloading 0 native plugins for Editor in 0.00 ms.
Mono: successfully reloaded assembly
- Completed reload, in  5.249 seconds
Domain Reload Profiling:
	ReloadAssembly (5249ms)
		BeginReloadAssembly (3239ms)
			ExecutionOrderSort (0ms)
			DisableScriptedObjects (0ms)
			BackupInstance (0ms)
			ReleaseScriptingObjects (0ms)
			CreateAndSetChildDomain (1ms)
		EndReloadAssembly (1436ms)
			LoadAssemblies (3241ms)
			RebuildTransferFunctionScriptingTraits (0ms)
			SetupTypeCache (1020ms)
			ReleaseScriptCaches (0ms)
			RebuildScriptCaches (22ms)
			SetupLoadedEditorAssemblies (347ms)
				LogAssemblyErrors (0ms)
				InitializePlatformSupportModulesInManaged (156ms)
				SetLoadedEditorAssemblies (0ms)
				RefreshPlugins (76ms)
				BeforeProcessingInitializeOnLoad (1ms)
				ProcessInitializeOnLoadAttributes (69ms)
				ProcessInitializeOnLoadMethodAttributes (45ms)
				AfterProcessingInitializeOnLoad (0ms)
				EditorAssembliesLoaded (0ms)
			ExecutionOrderSort2 (0ms)
			AwakeInstancesAfterBackupRestoration (0ms)
Platform modules already initialized, skipping
Registering precompiled user dll's ...
Registered in 0.009752 seconds.
Begin MonoManager ReloadAssembly
Symbol file LoadedFromMemory doesn't match image C:\Users\Lorkhan\Documents\GitHub\MathAndCafe\program\Library\PackageCache\com.unity.visualscripting@1.8.0\Editor\VisualScripting.Core\Dependencies\YamlDotNet\Unity.VisualScripting.YamlDotNet.dll
Symbol file LoadedFromMemory doesn't match image C:\Users\Lorkhan\Documents\GitHub\MathAndCafe\program\Library\PackageCache\com.unity.visualscripting@1.8.0\Editor\VisualScripting.Core\Dependencies\DotNetZip\Unity.VisualScripting.IonicZip.dll
Native extension for WindowsStandalone target not found
Native extension for iOS target not found
Native extension for Android target not found
Refreshing native plugins compatible for Editor in 76.90 ms, found 4 plugins.
Preloading 0 native plugins for Editor in 0.00 ms.
Mono: successfully reloaded assembly
Package Manager log level set to [2]
- Completed reload, in  6.267 seconds
Domain Reload Profiling:
	ReloadAssembly (6268ms)
		BeginReloadAssembly (101ms)
			ExecutionOrderSort (0ms)
			DisableScriptedObjects (4ms)
			BackupInstance (0ms)
			ReleaseScriptingObjects (0ms)
			CreateAndSetChildDomain (17ms)
		EndReloadAssembly (6034ms)
			LoadAssemblies (4720ms)
			RebuildTransferFunctionScriptingTraits (0ms)
			SetupTypeCache (609ms)
			ReleaseScriptCaches (1ms)
			RebuildScriptCaches (45ms)
			SetupLoadedEditorAssemblies (622ms)
				LogAssemblyErrors (0ms)
				InitializePlatformSupportModulesInManaged (22ms)
				SetLoadedEditorAssemblies (0ms)
				RefreshPlugins (77ms)
				BeforeProcessingInitializeOnLoad (100ms)
				ProcessInitializeOnLoadAttributes (381ms)
				ProcessInitializeOnLoadMethodAttributes (31ms)
				AfterProcessingInitializeOnLoad (9ms)
				EditorAssembliesLoaded (0ms)
			ExecutionOrderSort2 (0ms)
			AwakeInstancesAfterBackupRestoration (14ms)
Platform modules already initialized, skipping
========================================================================
Worker process is ready to serve import requests
Launched and connected shader compiler UnityShaderCompiler.exe after 0.07 seconds
Refreshing native plugins compatible for Editor in 1.16 ms, found 4 plugins.
Preloading 0 native plugins for Editor in 0.00 ms.
Unloading 4310 Unused Serialized files (Serialized files now loaded: 0)
Unloading 59 unused Assets / (229.5 KB). Loaded Objects now: 4754.
Memory consumption went from 163.4 MB to 163.2 MB.
Total: 3.275100 ms (FindLiveObjects: 0.299600 ms CreateObjectMapping: 0.096000 ms MarkObjects: 2.737300 ms  DeleteObjects: 0.141800 ms)

AssetImportParameters requested are different than current active one (requested -> active):
  custom:video-decoder-ogg-theora: a1e56fd34408186e4bbccfd4996cb3dc -> 
  custom:container-muxer-webm: aa71ff27fc2769a1b78a27578f13a17b -> 
  custom:container-demuxer-webm: 4f35f7cbe854078d1ac9338744f61a02 -> 
  custom:video-encoder-webm-vp8: eb34c28f22e8b96e1ab97ce403110664 -> 
  custom:audio-encoder-webm-vorbis: bf7c407c2cedff20999df2af8eb42d56 -> 
  custom:framework-win-MediaFoundation: 216162199b28c13a410421893ffa2e32 -> 
  custom:container-demuxer-ogg: 62fdf1f143b41e24485cea50d1cbac27 -> 
  custom:video-decoder-webm-vp8: 9c59270c3fd7afecdb556c50c9e8de78 -> 
  custom:audio-decoder-ogg-vorbis: bf7c407c2cedff20999df2af8eb42d56 -> 
========================================================================
Received Import Request.
  Time since last request: 3678.659095 seconds.
  path: Assets/FontResources/CookieRun Bold.ttf
  artifactKey: Guid(5a6c9796f38578e428d5dd6b083d5d2e) Importer(815301076,1909f56bfc062723c751e8b465ee728b)
Start importing Assets/FontResources/CookieRun Bold.ttf using Guid(5a6c9796f38578e428d5dd6b083d5d2e) Importer(815301076,1909f56bfc062723c751e8b465ee728b)  -> (artifact id: 'bbf8ca3d4bd7dae6dd67f17bda4a9bd5') in 0.042208 seconds 
========================================================================
Received Import Request.
  Time since last request: 0.000024 seconds.
  path: Assets/FontResources/CookieRun Regular.ttf
  artifactKey: Guid(0053c265caed48c4dab27e690d8b46ac) Importer(815301076,1909f56bfc062723c751e8b465ee728b)
Start importing Assets/FontResources/CookieRun Regular.ttf using Guid(0053c265caed48c4dab27e690d8b46ac) Importer(815301076,1909f56bfc062723c751e8b465ee728b)  -> (artifact id: '3fc29e0d89d6a1e9fa8d42e2ca72325d') in 0.085485 seconds 
========================================================================
Received Import Request.
  Time since last request: 13.127004 seconds.
  path: Assets/FontResources/CookieRun Bold.ttf
  artifactKey: Guid(5a6c9796f38578e428d5dd6b083d5d2e) Importer(815301076,1909f56bfc062723c751e8b465ee728b)
Start importing Assets/FontResources/CookieRun Bold.ttf using Guid(5a6c9796f38578e428d5dd6b083d5d2e) Importer(815301076,1909f56bfc062723c751e8b465ee728b)  -> (artifact id: 'abdf512967964a020c400c6cd0fb8203') in 0.008114 seconds 
========================================================================
Received Import Request.
  Time since last request: 7.119973 seconds.
  path: Assets/FontResources/CookieRun Black SDF.asset
  artifactKey: Guid(c5be4ac6e44bf7845b75c3d3d87ff153) Importer(815301076,1909f56bfc062723c751e8b465ee728b)
Start importing Assets/FontResources/CookieRun Black SDF.asset using Guid(c5be4ac6e44bf7845b75c3d3d87ff153) Importer(815301076,1909f56bfc062723c751e8b465ee728b)  -> (artifact id: '306244ac38ab9cf1aae02b0d410b97ab') in 0.024450 seconds 
========================================================================
Received Import Request.
  Time since last request: 0.000018 seconds.
  path: Assets/FontResources/CookieRun Regular SDF.asset
  artifactKey: Guid(a8052d4c1aca1304b9ef94a5b1df236d) Importer(815301076,1909f56bfc062723c751e8b465ee728b)
Start importing Assets/FontResources/CookieRun Regular SDF.asset using Guid(a8052d4c1aca1304b9ef94a5b1df236d) Importer(815301076,1909f56bfc062723c751e8b465ee728b)  -> (artifact id: '013d6d767adfb8b458facfd220f628e3') in 0.012548 seconds 
========================================================================
Received Import Request.
  Time since last request: 50.799745 seconds.
  path: Assets/FontResources/CookieRun Black SDF.asset
  artifactKey: Guid(c5be4ac6e44bf7845b75c3d3d87ff153) Importer(815301076,1909f56bfc062723c751e8b465ee728b)
Start importing Assets/FontResources/CookieRun Black SDF.asset using Guid(c5be4ac6e44bf7845b75c3d3d87ff153) Importer(815301076,1909f56bfc062723c751e8b465ee728b)  -> (artifact id: '19cb0ecc4d2b0685862af22218ccb64a') in 0.029602 seconds 
========================================================================
Received Import Request.
  Time since last request: 0.000017 seconds.
  path: Assets/FontResources/CookieRun Regular SDF.asset
  artifactKey: Guid(a8052d4c1aca1304b9ef94a5b1df236d) Importer(815301076,1909f56bfc062723c751e8b465ee728b)
Start importing Assets/FontResources/CookieRun Regular SDF.asset using Guid(a8052d4c1aca1304b9ef94a5b1df236d) Importer(815301076,1909f56bfc062723c751e8b465ee728b)  -> (artifact id: 'cbaf14f9d5cddac7822a9991c1f31741') in 0.020546 seconds 
========================================================================
Received Import Request.
  Time since last request: 76.826716 seconds.
  path: Assets/GraphicsResources/MainScene/메인화면 나무.png
  artifactKey: Guid(c3eb95da404bd78478acb6b23b3d5a07) Importer(815301076,1909f56bfc062723c751e8b465ee728b)
Start importing Assets/GraphicsResources/MainScene/메인화면 나무.png using Guid(c3eb95da404bd78478acb6b23b3d5a07) Importer(815301076,1909f56bfc062723c751e8b465ee728b)  -> (artifact id: '5055e09171819071f8510613adde7c99') in 0.110345 seconds 
========================================================================
Received Import Request.
  Time since last request: 0.000022 seconds.
  path: Assets/GraphicsResources/MainScene/표지판.png
  artifactKey: Guid(d84e341a4ac8e3c46a9861e3a5074aac) Importer(815301076,1909f56bfc062723c751e8b465ee728b)
Start importing Assets/GraphicsResources/MainScene/표지판.png using Guid(d84e341a4ac8e3c46a9861e3a5074aac) Importer(815301076,1909f56bfc062723c751e8b465ee728b)  -> (artifact id: '1803d5b01a677d1c9601f3cc5101e8c9') in 0.018127 seconds 
========================================================================
Received Import Request.
  Time since last request: 0.000034 seconds.
  path: Assets/GraphicsResources/MainScene/메인화면 배경.png
  artifactKey: Guid(aa0409a01ccc9f64ebdcb7331b605dac) Importer(815301076,1909f56bfc062723c751e8b465ee728b)
Start importing Assets/GraphicsResources/MainScene/메인화면 배경.png using Guid(aa0409a01ccc9f64ebdcb7331b605dac) Importer(815301076,1909f56bfc062723c751e8b465ee728b)  -> (artifact id: 'a4e8824d6ea3a1fae0562d74173f5d25') in 0.046599 seconds 
Editor requested this worker to shutdown with reason: Scaling down because of idle timeout
AssetImportWorker is now disconnected from the server
Process exiting
Exiting without the bug reporter. Application will terminate with return code 0